2023-12-07 11:10:39,489 INFO [root] [music_page.py (click_local_music_icon:14] - 正在点击桌面页的本地音乐图标
2023-12-07 11:10:41,903 INFO [root] [test-IVI-Music-01-01-01-002.py (test_click_local_music:62] - Pass,预期结果1.打开本地音乐应用成功
2023-12-07 11:10:53,218 INFO [root] [test-IVI-Music-01-01-01-007.py (test_change_tab_usb_music:60] - Pass,预期结果1.切换USB音乐Tab栏成功
2023-12-07 11:11:02,396 INFO [root] [test-IVI-Music-01-01-01-010.py (test_change_tab_bt_music:60] - Pass,预期结果1.切换蓝牙音乐Tab栏成功
2023-12-07 11:11:15,979 INFO [root] [test-IVI-Music-01-03-01-003.py (test_click_bt_music_play:63] - 01:39,01:42
2023-12-07 11:11:17,271 INFO [root] [test-IVI-Music-01-03-01-003.py (test_click_bt_music_play:66] - Pass,预期结果1.已点击播放蓝牙音乐成功，正在播放蓝牙音乐
2023-12-07 11:11:29,244 INFO [root] [test-IVI-Music-01-03-01-004.py (test_click_bt_music_pause:64] - 01:51,01:51
2023-12-07 11:11:30,346 INFO [root] [test-IVI-Music-01-03-01-004.py (test_click_bt_music_pause:67] - Pass,预期结果1.已暂停蓝牙音乐播放
2023-12-07 11:11:44,399 INFO [root] [test-IVI-Music-01-03-01-005.py (test_click_bt_music_change_before_music:60] - Pass,预期结果1.已切换上一首蓝牙音乐
2023-12-07 11:12:00,184 INFO [root] [test-IVI-Music-01-03-01-007.py (test_click_bt_music_change_next_music:62] - Pass,预期结果1.已切换下一首蓝牙音乐
2023-12-07 11:12:06,184 INFO [root] [settings_page.py (click_settings_icon:14] - 正在点击桌面页的设置图标
2023-12-07 11:12:09,000 INFO [root] [test-IVI-Setting-01-01-01-001.py (test_click_settings:43] - Pass,预期结果1.界面上车机名称默认显示为“岚图”
2023-12-07 11:12:14,758 INFO [root] [carcenter_page.py (click_lighting:74] - 正在点击灯光按钮
2023-12-07 11:13:32,436 INFO [root] [music_page.py (click_local_music_icon:14] - 正在点击桌面页的本地音乐图标
2023-12-07 11:13:34,805 INFO [root] [test-IVI-Music-01-01-01-002.py (test_click_local_music:62] - Pass,预期结果1.打开本地音乐应用成功
2023-12-07 11:13:46,504 INFO [root] [test-IVI-Music-01-01-01-007.py (test_change_tab_usb_music:60] - Pass,预期结果1.切换USB音乐Tab栏成功
2023-12-07 11:13:55,584 INFO [root] [test-IVI-Music-01-01-01-010.py (test_change_tab_bt_music:60] - Pass,预期结果1.切换蓝牙音乐Tab栏成功
2023-12-07 11:14:09,232 INFO [root] [test-IVI-Music-01-03-01-003.py (test_click_bt_music_play:63] - 01:47,01:51
2023-12-07 11:14:10,618 INFO [root] [test-IVI-Music-01-03-01-003.py (test_click_bt_music_play:66] - Pass,预期结果1.已点击播放蓝牙音乐成功，正在播放蓝牙音乐
2023-12-07 11:14:23,599 INFO [root] [test-IVI-Music-01-03-01-004.py (test_click_bt_music_pause:64] - 01:47,01:47
2023-12-07 11:14:24,733 INFO [root] [test-IVI-Music-01-03-01-004.py (test_click_bt_music_pause:67] - Pass,预期结果1.已暂停蓝牙音乐播放
2023-12-07 11:14:38,311 INFO [root] [test-IVI-Music-01-03-01-005.py (test_click_bt_music_change_before_music:60] - Pass,预期结果1.已切换上一首蓝牙音乐
2023-12-07 11:14:53,429 INFO [root] [test-IVI-Music-01-03-01-007.py (test_click_bt_music_change_next_music:62] - Pass,预期结果1.已切换下一首蓝牙音乐
2023-12-07 11:14:59,545 INFO [root] [settings_page.py (click_settings_icon:14] - 正在点击桌面页的设置图标
2023-12-07 11:15:31,772 INFO [root] [test-IVI-Setting-01-01-01-001.py (test_click_settings:46] - Fail,预期结果1.界面上车机名称默认不显示为“岚图”
2023-12-07 11:15:37,399 INFO [root] [carcenter_page.py (click_lighting:74] - 正在点击灯光按钮
2023-12-07 11:16:12,081 INFO [root] [music_page.py (click_local_music_icon:14] - 正在点击桌面页的本地音乐图标
2023-12-07 11:16:14,805 INFO [root] [test-IVI-Music-01-01-01-002.py (test_click_local_music:62] - Pass,预期结果1.打开本地音乐应用成功
2023-12-07 11:16:26,456 INFO [root] [test-IVI-Music-01-01-01-007.py (test_change_tab_usb_music:60] - Pass,预期结果1.切换USB音乐Tab栏成功
2023-12-07 11:16:35,285 INFO [root] [test-IVI-Music-01-01-01-010.py (test_change_tab_bt_music:60] - Pass,预期结果1.切换蓝牙音乐Tab栏成功
2023-12-07 11:16:48,070 INFO [root] [test-IVI-Music-01-03-01-003.py (test_click_bt_music_play:63] - 01:29,01:32
2023-12-07 11:16:49,500 INFO [root] [test-IVI-Music-01-03-01-003.py (test_click_bt_music_play:66] - Pass,预期结果1.已点击播放蓝牙音乐成功，正在播放蓝牙音乐
2023-12-07 11:17:01,538 INFO [root] [test-IVI-Music-01-03-01-004.py (test_click_bt_music_pause:64] - 01:41,01:41
2023-12-07 11:17:02,742 INFO [root] [test-IVI-Music-01-03-01-004.py (test_click_bt_music_pause:67] - Pass,预期结果1.已暂停蓝牙音乐播放
2023-12-07 11:17:16,367 INFO [root] [test-IVI-Music-01-03-01-005.py (test_click_bt_music_change_before_music:60] - Pass,预期结果1.已切换上一首蓝牙音乐
2023-12-07 11:17:30,849 INFO [root] [test-IVI-Music-01-03-01-007.py (test_click_bt_music_change_next_music:62] - Pass,预期结果1.已切换下一首蓝牙音乐
2023-12-07 11:17:37,355 INFO [root] [settings_page.py (click_settings_icon:14] - 正在点击桌面页的设置图标
2023-12-07 11:17:39,158 INFO [root] [test-IVI-Setting-01-01-01-001.py (test_click_settings:43] - Pass,预期结果1.界面上车机名称默认显示为“岚图”
2023-12-07 11:17:44,799 INFO [root] [carcenter_page.py (click_lighting:74] - 正在点击灯光按钮
2023-12-07 11:18:24,150 INFO [root] [carcenter_page.py (click_my_lantu:62] - 正在点击我的岚图按钮
2023-12-07 11:18:27,682 INFO [root] [carcenter_page.py (click_vehicle:68] - 正在点击车辆按钮
2023-12-07 11:18:31,327 INFO [root] [carcenter_page.py (click_lighting:74] - 正在点击灯光按钮
2023-12-07 11:18:34,714 INFO [root] [carcenter_page.py (click_driving_preferences:80] - 正在点击驾驶偏好
2023-12-07 11:18:38,270 INFO [root] [carcenter_page.py (click_driving_assistant:86] - 正在点击驾驶辅助
2023-12-07 11:18:42,977 INFO [root] [carcenter_page.py (click_display:92] - 正在点击显示按钮
2023-12-07 11:18:45,801 INFO [root] [carcenter_page.py (click_sound:98] - 正在点击声音按钮
2023-12-07 11:18:48,972 INFO [root] [carcenter_page.py (click_connect:104] - 正在点击连接按钮
2023-12-07 11:18:52,241 INFO [root] [carcenter_page.py (click_security:110] - 正在点击安全维护按钮
2023-12-07 11:18:55,009 INFO [root] [carcenter_page.py (click_system:116] - 正在点击系统按钮
2023-12-07 11:18:58,667 INFO [root] [test02_change_carcenter.py (test_change_carcenter:61] - 切换车辆Tab栏，更新状态断言成功
2023-12-07 11:19:05,793 INFO [root] [desktop_page.py (click_desktopAppicon:26] - 正在点击本地音乐图标
2023-12-07 11:19:07,397 INFO [root] [test03_click_appicon.py (test_click_appicon:51] - Pass,已打开本地音乐应用,更新状态断言成功
2023-12-07 11:19:16,350 INFO [root] [desktop_page.py (click_desktopAppicon:26] - 正在点击蓝牙电话图标
2023-12-07 11:19:18,291 INFO [root] [test03_click_appicon.py (test_click_appicon:51] - Pass,已打开蓝牙电话应用,更新状态断言成功
2023-12-07 11:19:26,296 INFO [root] [desktop_page.py (click_desktopAppicon:26] - 正在点击设置图标
2023-12-07 11:19:27,984 INFO [root] [test03_click_appicon.py (test_click_appicon:51] - Pass,已打开设置应用,更新状态断言成功
2023-12-07 11:19:35,752 INFO [root] [desktop_page.py (click_desktopAppicon:26] - 正在点击情景模式图标
2023-12-07 11:19:37,487 INFO [root] [test03_click_appicon.py (test_click_appicon:51] - Pass,已打开情景模式应用,更新状态断言成功
2023-12-07 11:19:45,763 INFO [root] [desktop_page.py (click_desktopAppicon:26] - 正在点击火山车娱图标
2023-12-07 11:19:48,696 INFO [root] [test03_click_appicon.py (test_click_appicon:51] - Pass,已打开火山车娱应用,更新状态断言成功
2023-12-07 11:19:56,578 INFO [root] [desktop_page.py (click_desktopAppicon:26] - 正在点击雷石KTV图标
2023-12-07 11:19:59,319 INFO [root] [test03_click_appicon.py (test_click_appicon:51] - Pass,已打开雷石KTV应用,更新状态断言成功
2023-12-07 11:20:06,821 INFO [root] [desktop_page.py (click_desktopAppicon:26] - 正在点击天气图标
2023-12-07 11:20:08,974 INFO [root] [test03_click_appicon.py (test_click_appicon:51] - Pass,已打开天气应用,更新状态断言成功
2023-12-07 11:20:17,094 INFO [root] [desktop_page.py (click_desktopAppicon:26] - 正在点击微场景图标
2023-12-07 11:20:20,355 INFO [root] [test03_click_appicon.py (test_click_appicon:51] - Pass,已打开微场景应用,更新状态断言成功
2023-12-07 11:20:29,215 INFO [root] [desktop_page.py (click_desktopAppicon:26] - 正在点击游戏大厅图标
2023-12-07 11:20:39,895 INFO [root] [test03_click_appicon.py (test_click_appicon:51] - Pass,已打开游戏大厅应用,更新状态断言成功
2023-12-07 11:20:47,505 INFO [root] [desktop_page.py (click_desktopAppicon:26] - 正在点击微信图标
2023-12-07 11:20:58,665 INFO [root] [test03_click_appicon.py (test_click_appicon:55] - Fail,没有打开微信应用,更新状态断言失败
2023-12-07 11:21:11,183 INFO [root] [desktop_page.py (click_desktopAppicon:26] - 正在点击微信图标
2023-12-07 11:21:22,724 INFO [root] [test03_click_appicon.py (test_click_appicon:55] - Fail,没有打开微信应用,更新状态断言失败
2023-12-07 11:21:34,720 INFO [root] [desktop_page.py (click_desktopAppicon:26] - 正在点击微信图标
2023-12-07 11:22:12,434 INFO [root] [desktop_page.py (click_desktopAppicon:26] - 正在点击酷玩盒子图标
2023-12-07 11:22:49,789 INFO [root] [desktop_page.py (click_desktopAppicon:26] - 正在点击酷玩盒子图标
2023-12-07 11:23:00,563 INFO [root] [test03_click_appicon.py (test_click_appicon:55] - Fail,没有打开酷玩盒子应用,更新状态断言失败
2023-12-07 11:23:12,399 INFO [root] [desktop_page.py (click_desktopAppicon:26] - 正在点击酷玩盒子图标
2023-12-07 11:23:14,224 INFO [root] [test03_click_appicon.py (test_click_appicon:51] - Pass,已打开酷玩盒子应用,更新状态断言成功
2023-12-07 11:23:21,014 INFO [root] [desktop_page.py (click_desktopAppicon:26] - 正在点击工程模式图标
2023-12-07 11:23:23,183 INFO [root] [test03_click_appicon.py (test_click_appicon:51] - Pass,已打开工程模式应用,更新状态断言成功
2023-12-07 11:23:30,172 INFO [root] [desktop_page.py (click_desktopAppicon:26] - 正在点击本地视频图标
2023-12-07 11:23:31,696 INFO [root] [test03_click_appicon.py (test_click_appicon:51] - Pass,已打开本地视频应用,更新状态断言成功
2023-12-07 11:23:38,714 INFO [root] [desktop_page.py (click_desktopAppicon:26] - 正在点击地图图标
2023-12-07 11:23:40,874 INFO [root] [test03_click_appicon.py (test_click_appicon:51] - Pass,已打开地图应用,更新状态断言成功
2023-12-07 11:23:48,082 INFO [root] [desktop_page.py (click_desktopAppicon:26] - 正在点击个人中心图标
2023-12-07 11:23:49,652 INFO [root] [test03_click_appicon.py (test_click_appicon:51] - Pass,已打开个人中心应用,更新状态断言成功
2023-12-07 11:23:56,853 INFO [root] [desktop_page.py (click_desktopAppicon:26] - 正在点击日程图标
2023-12-07 11:23:59,160 INFO [root] [test03_click_appicon.py (test_click_appicon:51] - Pass,已打开日程应用,更新状态断言成功
2023-12-07 11:24:06,210 INFO [root] [desktop_page.py (click_desktopAppicon:26] - 正在点击泊车辅助图标
2023-12-07 11:24:07,795 INFO [root] [test03_click_appicon.py (test_click_appicon:51] - Pass,已打开泊车辅助应用,更新状态断言成功
2023-12-07 11:24:15,220 INFO [root] [desktop_page.py (click_desktopAppicon:26] - 正在点击智能助手图标
2023-12-07 11:24:17,506 INFO [root] [test03_click_appicon.py (test_click_appicon:51] - Pass,已打开智能助手应用,更新状态断言成功
2023-12-07 11:24:23,847 INFO [root] [desktop_page.py (click_desktopAppicon:26] - 正在点击岚图商城图标
2023-12-07 11:24:26,565 INFO [root] [test03_click_appicon.py (test_click_appicon:51] - Pass,已打开岚图商城应用,更新状态断言成功
